# JRE version: Java(TM) SE Runtime Environment (20.0.1+9) (build 20.0.1+9-29)
# Java VM: Java HotSpot(TM) 64-Bit Server VM (20.0.1+9-29, mixed mode, sharing, tiered, compressed oops, compressed class ptrs, g1 gc, windows-amd64)
GC Precious Log:
 CardTable entry size: 512
 Card Set container configuration: InlinePtr #cards 5 size 8 Array Of Cards #cards 12 size 40 Howl #buckets 4 coarsen threshold 1843 Howl Bitmap #cards 512 size 80 coarsen threshold 460 Card regions per heap region 1 cards per card region 2048
 CPUs: 4 total, 4 available
 Memory: 3530M
 Large Page Support: Disabled
 NUMA Support: Disabled
 Compressed Oops: Enabled (32-bit)
 Heap Region Size: 1M
 Heap Min Capacity: 8M
 Heap Initial Capacity: 56M
 Heap Max Capacity: 884M
 Pre-touch: Disabled
 Parallel Workers: 4
 Concurrent Workers: 1
 Concurrent Refinement Workers: 4
 Periodic GC: Disabled
Heap:
 garbage-first heap   total 55296K, used 20201K [0x00000000c8c00000, 0x0000000100000000)
  region size 1024K, 6 young (6144K), 3 survivors (3072K)
 Metaspace       used 31083K, committed 31616K, reserved 1114112K
  class space    used 4038K, committed 4288K, reserved 1048576K
GC Heap History (14 events):
Event: 3.333 GC heap before
{Heap before GC invocations=0 (full 0):
 garbage-first heap   total 57344K, used 13312K [0x00000000c8c00000, 0x0000000100000000)
  region size 1024K, 13 young (13312K), 0 survivors (0K)
 Metaspace       used 2519K, committed 2624K, reserved 1114112K
  class space    used 251K, committed 320K, reserved 1048576K
}
Event: 3.377 GC heap after
{Heap after GC invocations=1 (full 0):
 garbage-first heap   total 57344K, used 7296K [0x00000000c8c00000, 0x0000000100000000)
  region size 1024K, 2 young (2048K), 2 survivors (2048K)
 Metaspace       used 2519K, committed 2624K, reserved 1114112K
  class space    used 251K, committed 320K, reserved 1048576K
}
Event: 4.104 GC heap before
{Heap before GC invocations=1 (full 0):
 garbage-first heap   total 57344K, used 15488K [0x00000000c8c00000, 0x0000000100000000)
  region size 1024K, 10 young (10240K), 2 survivors (2048K)
 Metaspace       used 4626K, committed 4864K, reserved 1114112K
  class space    used 540K, committed 640K, reserved 1048576K
}
Event: 4.110 GC heap after
{Heap after GC invocations=2 (full 0):
 garbage-first heap   total 57344K, used 8120K [0x00000000c8c00000, 0x0000000100000000)
  region size 1024K, 1 young (1024K), 1 survivors (1024K)
 Metaspace       used 4626K, committed 4864K, reserved 1114112K
  class space    used 540K, committed 640K, reserved 1048576K
}
Event: 7.117 GC heap before
{Heap before GC invocations=2 (full 0):
 garbage-first heap   total 57344K, used 27576K [0x00000000c8c00000, 0x0000000100000000)
  region size 1024K, 21 young (21504K), 1 survivors (1024K)
 Metaspace       used 10646K, committed 10880K, reserved 1114112K
  class space    used 1310K, committed 1408K, reserved 1048576K
}
Event: 7.126 GC heap after
{Heap after GC invocations=3 (full 0):
 garbage-first heap   total 57344K, used 9802K [0x00000000c8c00000, 0x0000000100000000)
  region size 1024K, 3 young (3072K), 3 survivors (3072K)
 Metaspace       used 10646K, committed 10880K, reserved 1114112K
  class space    used 1310K, committed 1408K, reserved 1048576K
}
Event: 9.371 GC heap before
{Heap before GC invocations=3 (full 0):
 garbage-first heap   total 57344K, used 37450K [0x00000000c8c00000, 0x0000000100000000)
  region size 1024K, 31 young (31744K), 3 survivors (3072K)
 Metaspace       used 17985K, committed 18304K, reserved 1114112K
  class space    used 2267K, committed 2432K, reserved 1048576K
}
Event: 9.381 GC heap after
{Heap after GC invocations=4 (full 0):
 garbage-first heap   total 57344K, used 11777K [0x00000000c8c00000, 0x0000000100000000)
  region size 1024K, 4 young (4096K), 4 survivors (4096K)
 Metaspace       used 17985K, committed 18304K, reserved 1114112K
  class space    used 2267K, committed 2432K, reserved 1048576K
}
Event: 10.627 GC heap before
{Heap before GC invocations=4 (full 0):
 garbage-first heap   total 57344K, used 28161K [0x00000000c8c00000, 0x0000000100000000)
  region size 1024K, 21 young (21504K), 4 survivors (4096K)
 Metaspace       used 21236K, committed 21504K, reserved 1114112K
  class space    used 2681K, committed 2816K, reserved 1048576K
}
Event: 10.635 GC heap after
{Heap after GC invocations=5 (full 0):
 garbage-first heap   total 57344K, used 13340K [0x00000000c8c00000, 0x0000000100000000)
  region size 1024K, 4 young (4096K), 4 survivors (4096K)
 Metaspace       used 21236K, committed 21504K, reserved 1114112K
  class space    used 2681K, committed 2816K, reserved 1048576K
}
Event: 15.187 GC heap before
{Heap before GC invocations=6 (full 0):
 garbage-first heap   total 55296K, used 42012K [0x00000000c8c00000, 0x0000000100000000)
  region size 1024K, 32 young (32768K), 4 survivors (4096K)
 Metaspace       used 25179K, committed 25536K, reserved 1114112K
  class space    used 3204K, committed 3328K, reserved 1048576K
}
Event: 15.198 GC heap after
{Heap after GC invocations=7 (full 0):
 garbage-first heap   total 55296K, used 15508K [0x00000000c8c00000, 0x0000000100000000)
  region size 1024K, 4 young (4096K), 4 survivors (4096K)
 Metaspace       used 25179K, committed 25536K, reserved 1114112K
  class space    used 3204K, committed 3328K, reserved 1048576K
}
Event: 21.213 GC heap before
{Heap before GC invocations=7 (full 0):
 garbage-first heap   total 55296K, used 42132K [0x00000000c8c00000, 0x0000000100000000)
  region size 1024K, 31 young (31744K), 4 survivors (4096K)
 Metaspace       used 30357K, committed 30848K, reserved 1114112K
  class space    used 3949K, committed 4160K, reserved 1048576K
}
Event: 21.230 GC heap after
{Heap after GC invocations=8 (full 0):
 garbage-first heap   total 55296K, used 18153K [0x00000000c8c00000, 0x0000000100000000)
  region size 1024K, 3 young (3072K), 3 survivors (3072K)
 Metaspace       used 30357K, committed 30848K, reserved 1114112K
  class space    used 3949K, committed 4160K, reserved 1048576K
}

