# JRE version: Java(TM) SE Runtime Environment (20.0.1+9) (build 20.0.1+9-29)
# Java VM: Java HotSpot(TM) 64-Bit Server VM (20.0.1+9-29, mixed mode, sharing, tiered, compressed oops, compressed class ptrs, g1 gc, windows-amd64)
GC Precious Log:
 CardTable entry size: 512
 Card Set container configuration: InlinePtr #cards 5 size 8 Array Of Cards #cards 12 size 40 Howl #buckets 4 coarsen threshold 1843 Howl Bitmap #cards 512 size 80 coarsen threshold 460 Card regions per heap region 1 cards per card region 2048
 CPUs: 4 total, 4 available
 Memory: 3530M
 Large Page Support: Disabled
 NUMA Support: Disabled
 Compressed Oops: Enabled (32-bit)
 Heap Region Size: 1M
 Heap Min Capacity: 8M
 Heap Initial Capacity: 56M
 Heap Max Capacity: 884M
 Pre-touch: Disabled
 Parallel Workers: 4
 Concurrent Workers: 1
 Concurrent Refinement Workers: 4
 Periodic GC: Disabled
Heap:
 garbage-first heap   total 131072K, used 53748K [0x00000000c8c00000, 0x0000000100000000)
  region size 1024K, 4 young (4096K), 3 survivors (3072K)
 Metaspace       used 32699K, committed 33216K, reserved 1114112K
  class space    used 3650K, committed 3904K, reserved 1048576K
GC Heap History (20 events):
Event: 13.440 GC heap before
{Heap before GC invocations=9 (full 0):
 garbage-first heap   total 57344K, used 48857K [0x00000000c8c00000, 0x0000000100000000)
  region size 1024K, 26 young (26624K), 5 survivors (5120K)
 Metaspace       used 26080K, committed 26432K, reserved 1114112K
  class space    used 2918K, committed 3072K, reserved 1048576K
}
Event: 13.460 GC heap after
{Heap after GC invocations=10 (full 0):
 garbage-first heap   total 62464K, used 35811K [0x00000000c8c00000, 0x0000000100000000)
  region size 1024K, 4 young (4096K), 4 survivors (4096K)
 Metaspace       used 26080K, committed 26432K, reserved 1114112K
  class space    used 2918K, committed 3072K, reserved 1048576K
}
Event: 14.036 GC heap before
{Heap before GC invocations=10 (full 0):
 garbage-first heap   total 62464K, used 50147K [0x00000000c8c00000, 0x0000000100000000)
  region size 1024K, 19 young (19456K), 4 survivors (4096K)
 Metaspace       used 26929K, committed 27328K, reserved 1114112K
  class space    used 3015K, committed 3200K, reserved 1048576K
}
Event: 14.048 GC heap after
{Heap after GC invocations=11 (full 0):
 garbage-first heap   total 75776K, used 39936K [0x00000000c8c00000, 0x0000000100000000)
  region size 1024K, 3 young (3072K), 3 survivors (3072K)
 Metaspace       used 26929K, committed 27328K, reserved 1114112K
  class space    used 3015K, committed 3200K, reserved 1048576K
}
Event: 15.193 GC heap before
{Heap before GC invocations=11 (full 0):
 garbage-first heap   total 75776K, used 59392K [0x00000000c8c00000, 0x0000000100000000)
  region size 1024K, 23 young (23552K), 3 survivors (3072K)
 Metaspace       used 28002K, committed 28352K, reserved 1114112K
  class space    used 3134K, committed 3264K, reserved 1048576K
}
Event: 15.199 GC heap after
{Heap after GC invocations=12 (full 0):
 garbage-first heap   total 75776K, used 41265K [0x00000000c8c00000, 0x0000000100000000)
  region size 1024K, 1 young (1024K), 1 survivors (1024K)
 Metaspace       used 28002K, committed 28352K, reserved 1114112K
  class space    used 3134K, committed 3264K, reserved 1048576K
}
Event: 16.094 GC heap before
{Heap before GC invocations=13 (full 0):
 garbage-first heap   total 75776K, used 58673K [0x00000000c8c00000, 0x0000000100000000)
  region size 1024K, 21 young (21504K), 1 survivors (1024K)
 Metaspace       used 29819K, committed 30208K, reserved 1114112K
  class space    used 3374K, committed 3520K, reserved 1048576K
}
Event: 16.098 GC heap after
{Heap after GC invocations=14 (full 0):
 garbage-first heap   total 75776K, used 39636K [0x00000000c8c00000, 0x0000000100000000)
  region size 1024K, 2 young (2048K), 2 survivors (2048K)
 Metaspace       used 29819K, committed 30208K, reserved 1114112K
  class space    used 3374K, committed 3520K, reserved 1048576K
}
Event: 17.232 GC heap before
{Heap before GC invocations=14 (full 0):
 garbage-first heap   total 75776K, used 66260K [0x00000000c8c00000, 0x0000000100000000)
  region size 1024K, 25 young (25600K), 2 survivors (2048K)
 Metaspace       used 30105K, committed 30656K, reserved 1114112K
  class space    used 3391K, committed 3648K, reserved 1048576K
}
Event: 17.249 GC heap after
{Heap after GC invocations=15 (full 0):
 garbage-first heap   total 78848K, used 50176K [0x00000000c8c00000, 0x0000000100000000)
  region size 1024K, 4 young (4096K), 4 survivors (4096K)
 Metaspace       used 30105K, committed 30656K, reserved 1114112K
  class space    used 3391K, committed 3648K, reserved 1048576K
}
Event: 17.256 GC heap before
{Heap before GC invocations=15 (full 0):
 garbage-first heap   total 78848K, used 50176K [0x00000000c8c00000, 0x0000000100000000)
  region size 1024K, 5 young (5120K), 4 survivors (4096K)
 Metaspace       used 30106K, committed 30656K, reserved 1114112K
  class space    used 3391K, committed 3648K, reserved 1048576K
}
Event: 17.262 GC heap after
{Heap after GC invocations=16 (full 0):
 garbage-first heap   total 78848K, used 51069K [0x00000000c8c00000, 0x0000000100000000)
  region size 1024K, 1 young (1024K), 1 survivors (1024K)
 Metaspace       used 30106K, committed 30656K, reserved 1114112K
  class space    used 3391K, committed 3648K, reserved 1048576K
}
Event: 17.465 GC heap before
{Heap before GC invocations=17 (full 0):
 garbage-first heap   total 104448K, used 67453K [0x00000000c8c00000, 0x0000000100000000)
  region size 1024K, 16 young (16384K), 1 survivors (1024K)
 Metaspace       used 30113K, committed 30656K, reserved 1114112K
  class space    used 3391K, committed 3648K, reserved 1048576K
}
Event: 17.470 GC heap after
{Heap after GC invocations=18 (full 0):
 garbage-first heap   total 104448K, used 56653K [0x00000000c8c00000, 0x0000000100000000)
  region size 1024K, 2 young (2048K), 2 survivors (2048K)
 Metaspace       used 30113K, committed 30656K, reserved 1114112K
  class space    used 3391K, committed 3648K, reserved 1048576K
}
Event: 18.360 GC heap before
{Heap before GC invocations=18 (full 0):
 garbage-first heap   total 104448K, used 79181K [0x00000000c8c00000, 0x0000000100000000)
  region size 1024K, 25 young (25600K), 2 survivors (2048K)
 Metaspace       used 30589K, committed 31104K, reserved 1114112K
  class space    used 3423K, committed 3712K, reserved 1048576K
}
Event: 18.419 GC heap after
{Heap after GC invocations=19 (full 0):
 garbage-first heap   total 104448K, used 54795K [0x00000000c8c00000, 0x0000000100000000)
  region size 1024K, 4 young (4096K), 4 survivors (4096K)
 Metaspace       used 30589K, committed 31104K, reserved 1114112K
  class space    used 3423K, committed 3712K, reserved 1048576K
}
Event: 19.441 GC heap before
{Heap before GC invocations=19 (full 0):
 garbage-first heap   total 104448K, used 78347K [0x00000000c8c00000, 0x0000000100000000)
  region size 1024K, 28 young (28672K), 4 survivors (4096K)
 Metaspace       used 31550K, committed 32064K, reserved 1114112K
  class space    used 3551K, committed 3840K, reserved 1048576K
}
Event: 19.448 GC heap after
{Heap after GC invocations=20 (full 0):
 garbage-first heap   total 131072K, used 52727K [0x00000000c8c00000, 0x0000000100000000)
  region size 1024K, 1 young (1024K), 1 survivors (1024K)
 Metaspace       used 31550K, committed 32064K, reserved 1114112K
  class space    used 3551K, committed 3840K, reserved 1048576K
}
Event: 21.453 GC heap before
{Heap before GC invocations=21 (full 0):
 garbage-first heap   total 131072K, used 92663K [0x00000000c8c00000, 0x0000000100000000)
  region size 1024K, 42 young (43008K), 1 survivors (1024K)
 Metaspace       used 32687K, committed 33216K, reserved 1114112K
  class space    used 3649K, committed 3904K, reserved 1048576K
}
Event: 21.458 GC heap after
{Heap after GC invocations=22 (full 0):
 garbage-first heap   total 131072K, used 53748K [0x00000000c8c00000, 0x0000000100000000)
  region size 1024K, 3 young (3072K), 3 survivors (3072K)
 Metaspace       used 32687K, committed 33216K, reserved 1114112K
  class space    used 3649K, committed 3904K, reserved 1048576K
}

